<?xml version="1.0" encoding="UTF-8"?>
<testsuite xmlns:xsi="http://www.w3.org/2001/XMLSchema-instance" xsi:noNamespaceSchemaLocation="https://maven.apache.org/surefire/maven-surefire-plugin/xsd/surefire-test-report-3.0.xsd" version="3.0" name="de.tum.in.ase.DummyTest" time="0.062" tests="2" errors="0" skipped="0" failures="0">
  <properties>
[...]
</properties>
  <testcase name="dummyTest" classname="de.tum.in.ase.DummyTest" time="0.006"/>
  <testcase name="dummyTest0" classname="de.tum.in.ase.DummyTest" time="0.027">
    <system-err><![CDATA[[DEBUG] [main] Validated build configuration regarding trusted package rules, 0 are missing.
[INFO] [main] Request install with ASC-Impl [testMethod=Optional.empty, executionPath=/Users/oleve/Coding/TestwiseMaven, whitelistedPaths=Optional[[]], blacklistedPaths=[], allowedLocalPorts=[], trustedPackages=[]]
[INFO] [main] Request uninstall
[DEBUG] [main] Validated build configuration regarding trusted package rules, 0 are missing.
[INFO] [main] Request install with ASC-Impl [testMethod=Optional[public void de.tum.in.ase.DummyTest.dummyTest0()], executionPath=/Users/oleve/Coding/TestwiseMaven, whitelistedPaths=Optional[[]], blacklistedPaths=[], allowedLocalPorts=[], trustedPackages=[]]
[INFO] [main] Request uninstall
]]></system-err>
  </testcase>
</testsuite>