<?xml version="1.0" encoding="UTF-8"?>
<testsuite xmlns:xsi="http://www.w3.org/2001/XMLSchema-instance" xsi:noNamespaceSchemaLocation="https://maven.apache.org/surefire/maven-surefire-plugin/xsd/surefire-test-report-3.0.xsd" version="3.0" name="de.tum.in.ase.ClassTest" time="0.361" tests="1" errors="0" skipped="0" failures="0">
  <properties>
    <property name="java.specification.version" value="17"/>
    <property name="sun.jnu.encoding" value="UTF-8"/>
    <property name="java.class.path" value="/Users/oleve/Coding/TestwiseMaven/target/test-classes:/Users/oleve/Coding/TestwiseMaven/target/classes:/Users/oleve/.m2/repository/de/tum/in/ase/artemis-java-test-sandbox/1.10.1/artemis-java-test-sandbox-1.10.1.jar:/Users/oleve/.m2/repository/ch/qos/logback/logback-classic/1.2.11/logback-classic-1.2.11.jar:/Users/oleve/.m2/repository/ch/qos/logback/logback-core/1.2.11/logback-core-1.2.11.jar:/Users/oleve/.m2/repository/org/slf4j/slf4j-api/1.7.32/slf4j-api-1.7.32.jar:/Users/oleve/.m2/repository/org/junit/jupiter/junit-jupiter-api/5.8.2/junit-jupiter-api-5.8.2.jar:/Users/oleve/.m2/repository/org/opentest4j/opentest4j/1.2.0/opentest4j-1.2.0.jar:/Users/oleve/.m2/repository/org/junit/platform/junit-platform-commons/1.8.2/junit-platform-commons-1.8.2.jar:/Users/oleve/.m2/repository/org/apiguardian/apiguardian-api/1.1.2/apiguardian-api-1.1.2.jar:/Users/oleve/.m2/repository/org/junit/platform/junit-platform-launcher/1.8.2/junit-platform-launcher-1.8.2.jar:/Users/oleve/.m2/repository/org/junit/platform/junit-platform-engine/1.8.2/junit-platform-engine-1.8.2.jar:/Users/oleve/.m2/repository/org/junit/jupiter/junit-jupiter-engine/5.8.2/junit-jupiter-engine-5.8.2.jar:/Users/oleve/.m2/repository/org/junit/jupiter/junit-jupiter-params/5.8.2/junit-jupiter-params-5.8.2.jar:/Users/oleve/.m2/repository/org/hamcrest/hamcrest/2.2/hamcrest-2.2.jar:/Users/oleve/.m2/repository/org/assertj/assertj-core/3.23.1/assertj-core-3.23.1.jar:/Users/oleve/.m2/repository/net/bytebuddy/byte-buddy/1.12.10/byte-buddy-1.12.10.jar:/Users/oleve/.m2/repository/org/json/json/20220320/json-20220320.jar:/Users/oleve/.m2/repository/info/debatty/java-string-similarity/2.0.0/java-string-similarity-2.0.0.jar:/Users/oleve/.m2/repository/net/jcip/jcip-annotations/1.0/jcip-annotations-1.0.jar:"/>
    <property name="java.vm.vendor" value="Oracle Corporation"/>
    <property name="teamscale.test.impacted.reportDirectory" value="/Users/oleve/Coding/TestwiseMaven/target/tia"/>
    <property name="sun.arch.data.model" value="64"/>
    <property name="java.vendor.url" value="https://java.oracle.com/"/>
    <property name="user.timezone" value="Europe/Berlin"/>
    <property name="os.name" value="Mac OS X"/>
    <property name="java.vm.specification.version" value="17"/>
    <property name="sun.java.launcher" value="SUN_STANDARD"/>
    <property name="user.country" value="DE"/>
    <property name="sun.boot.library.path" value="/Library/Java/JavaVirtualMachines/jdk-17.0.1.jdk/Contents/Home/lib"/>
    <property name="sun.java.command" value="/Users/oleve/Coding/TestwiseMaven/target/surefire/surefirebooter17118943449379120651.jar /Users/oleve/Coding/TestwiseMaven/target/surefire 2022-06-08T21-57-38_045-jvmRun1 surefire15054721397853467146tmp surefire_08852587612801054740tmp"/>
    <property name="http.nonProxyHosts" value="local|*.local|169.254/16|*.169.254/16"/>
    <property name="jdk.debug" value="release"/>
    <property name="surefire.test.class.path" value="/Users/oleve/Coding/TestwiseMaven/target/test-classes:/Users/oleve/Coding/TestwiseMaven/target/classes:/Users/oleve/.m2/repository/de/tum/in/ase/artemis-java-test-sandbox/1.10.1/artemis-java-test-sandbox-1.10.1.jar:/Users/oleve/.m2/repository/ch/qos/logback/logback-classic/1.2.11/logback-classic-1.2.11.jar:/Users/oleve/.m2/repository/ch/qos/logback/logback-core/1.2.11/logback-core-1.2.11.jar:/Users/oleve/.m2/repository/org/slf4j/slf4j-api/1.7.32/slf4j-api-1.7.32.jar:/Users/oleve/.m2/repository/org/junit/jupiter/junit-jupiter-api/5.8.2/junit-jupiter-api-5.8.2.jar:/Users/oleve/.m2/repository/org/opentest4j/opentest4j/1.2.0/opentest4j-1.2.0.jar:/Users/oleve/.m2/repository/org/junit/platform/junit-platform-commons/1.8.2/junit-platform-commons-1.8.2.jar:/Users/oleve/.m2/repository/org/apiguardian/apiguardian-api/1.1.2/apiguardian-api-1.1.2.jar:/Users/oleve/.m2/repository/org/junit/platform/junit-platform-launcher/1.8.2/junit-platform-launcher-1.8.2.jar:/Users/oleve/.m2/repository/org/junit/platform/junit-platform-engine/1.8.2/junit-platform-engine-1.8.2.jar:/Users/oleve/.m2/repository/org/junit/jupiter/junit-jupiter-engine/5.8.2/junit-jupiter-engine-5.8.2.jar:/Users/oleve/.m2/repository/org/junit/jupiter/junit-jupiter-params/5.8.2/junit-jupiter-params-5.8.2.jar:/Users/oleve/.m2/repository/org/hamcrest/hamcrest/2.2/hamcrest-2.2.jar:/Users/oleve/.m2/repository/org/assertj/assertj-core/3.23.1/assertj-core-3.23.1.jar:/Users/oleve/.m2/repository/net/bytebuddy/byte-buddy/1.12.10/byte-buddy-1.12.10.jar:/Users/oleve/.m2/repository/org/json/json/20220320/json-20220320.jar:/Users/oleve/.m2/repository/info/debatty/java-string-similarity/2.0.0/java-string-similarity-2.0.0.jar:/Users/oleve/.m2/repository/net/jcip/jcip-annotations/1.0/jcip-annotations-1.0.jar:"/>
    <property name="teamscale.markstart" value=""/>
    <property name="sun.cpu.endian" value="little"/>
    <property name="user.home" value="/Users/oleve"/>
    <property name="user.language" value="de"/>
    <property name="java.specification.vendor" value="Oracle Corporation"/>
    <property name="ares.security.trustedpackages" value="okhttp3,com.teamscale,retrofit2,shadow,com.squareup,okio"/>
    <property name="java.version.date" value="2021-10-19"/>
    <property name="java.home" value="/Library/Java/JavaVirtualMachines/jdk-17.0.1.jdk/Contents/Home"/>
    <property name="file.separator" value="/"/>
    <property name="basedir" value="/Users/oleve/Coding/TestwiseMaven"/>
    <property name="java.vm.compressedOopsMode" value="Zero based"/>
    <property name="line.separator" value="&#10;"/>
    <property name="teamscale.test.impacted.server.project" value="TestwiseMaven-Tests"/>
    <property name="java.vm.specification.vendor" value="Oracle Corporation"/>
    <property name="java.specification.name" value="Java Platform API Specification"/>
    <property name="teamscale.test.impacted.endCommit" value="main:1653560635000"/>
    <property name="teamscale.test.impacted.agentsUrls" value="http://localhost:12888"/>
    <property name="surefire.real.class.path" value="/Users/oleve/Coding/TestwiseMaven/target/surefire/surefirebooter17118943449379120651.jar"/>
    <property name="sun.management.compiler" value="HotSpot 64-Bit Tiered Compilers"/>
    <property name="ftp.nonProxyHosts" value="local|*.local|169.254/16|*.169.254/16"/>
    <property name="teamscale.markend" value=""/>
    <property name="java.runtime.version" value="17.0.1+12-LTS-39"/>
    <property name="user.name" value="oleve"/>
    <property name="path.separator" value=":"/>
    <property name="os.version" value="12.3.1"/>
    <property name="teamscale.test.impacted.server.userAccessToken" value="dummy"/>
    <property name="java.runtime.name" value="Java(TM) SE Runtime Environment"/>
    <property name="TEAMSCALE_AGENT_LOG_LEVEL" value="DEBUG"/>
    <property name="file.encoding" value="UTF-8"/>
    <property name="TEAMSCALE_AGENT_LOG_FILE" value="/Users/oleve/Coding/TestwiseMaven/target/tia/agent.log"/>
    <property name="java.vm.name" value="Java HotSpot(TM) 64-Bit Server VM"/>
    <property name="teamscale.test.impacted.server.userName" value="dummy"/>
    <property name="localRepository" value="/Users/oleve/.m2/repository"/>
    <property name="java.vendor.url.bug" value="https://bugreport.java.com/bugreport/"/>
    <property name="jetty.git.hash" value="450ba27947e13e66baa8cd1ce7e85a4461cacc1d"/>
    <property name="java.io.tmpdir" value="/var/folders/cb/zq69r37s54j9mm1356_fynmr0000gn/T/"/>
    <property name="java.version" value="17.0.1"/>
    <property name="user.dir" value="/Users/oleve/Coding/TestwiseMaven"/>
    <property name="os.arch" value="aarch64"/>
    <property name="java.vm.specification.name" value="Java Virtual Machine Specification"/>
    <property name="native.encoding" value="UTF-8"/>
    <property name="java.library.path" value="/Users/oleve/Library/Java/Extensions:/Library/Java/Extensions:/Network/Library/Java/Extensions:/System/Library/Java/Extensions:/usr/lib/java:."/>
    <property name="java.vm.info" value="mixed mode, sharing"/>
    <property name="java.vendor" value="Oracle Corporation"/>
    <property name="java.vm.version" value="17.0.1+12-LTS-39"/>
    <property name="teamscale.test.impacted.server.url" value="http://localhost"/>
    <property name="sun.io.unicode.encoding" value="UnicodeBig"/>
    <property name="socksNonProxyHosts" value="local|*.local|169.254/16|*.169.254/16"/>
    <property name="java.class.version" value="61.0"/>
  </properties>
  <testcase name="testClass[DummyClass]" classname="de.tum.in.ase.ClassTest" time="0.056">
    <system-out><![CDATA[21:57:38,718 |-INFO in shadow.ch.qos.logback.classic.LoggerContext[Ares] - Could NOT find resource [logback-test.xml]
21:57:38,718 |-INFO in shadow.ch.qos.logback.classic.LoggerContext[Ares] - Could NOT find resource [logback.groovy]
21:57:38,718 |-INFO in shadow.ch.qos.logback.classic.LoggerContext[Ares] - Found resource [logback.xml] at [jar:file:/Users/oleve/.m2/repository/de/tum/in/ase/artemis-java-test-sandbox/1.10.1/artemis-java-test-sandbox-1.10.1.jar!/logback.xml]
21:57:38,721 |-INFO in shadow.ch.qos.logback.core.joran.spi.ConfigurationWatchList@44e3a2b2 - URL [jar:file:/Users/oleve/.m2/repository/de/tum/in/ase/artemis-java-test-sandbox/1.10.1/artemis-java-test-sandbox-1.10.1.jar!/logback.xml] is not of type file
21:57:38,726 |-INFO in shadow.ch.qos.logback.classic.joran.action.ConfigurationAction - debug attribute not set
21:57:38,728 |-INFO in shadow.ch.qos.logback.classic.joran.action.ContextNameAction - Setting logger context name as [Ares]
21:57:38,728 |-INFO in shadow.ch.qos.logback.core.joran.action.AppenderAction - About to instantiate appender of type [de.tum.in.test.api.security.FixSystemErrAppender]
21:57:38,729 |-ERROR in shadow.ch.qos.logback.core.joran.action.AppenderAction - Could not create an Appender of type [de.tum.in.test.api.security.FixSystemErrAppender]. shadow.ch.qos.logback.core.util.IncompatibleClassException
	at shadow.ch.qos.logback.core.util.IncompatibleClassException
	at 	at shadow.ch.qos.logback.core.util.OptionHelper.instantiateByClassNameAndParameter(OptionHelper.java:58)
	at 	at shadow.ch.qos.logback.core.util.OptionHelper.instantiateByClassName(OptionHelper.java:45)
	at 	at shadow.ch.qos.logback.core.util.OptionHelper.instantiateByClassName(OptionHelper.java:34)
	at 	at shadow.ch.qos.logback.core.joran.action.AppenderAction.begin(AppenderAction.java:52)
	at 	at shadow.ch.qos.logback.core.joran.spi.Interpreter.callBeginAction(Interpreter.java:269)
	at 	at shadow.ch.qos.logback.core.joran.spi.Interpreter.startElement(Interpreter.java:145)
	at 	at shadow.ch.qos.logback.core.joran.spi.Interpreter.startElement(Interpreter.java:128)
	at 	at shadow.ch.qos.logback.core.joran.spi.EventPlayer.play(EventPlayer.java:50)
	at 	at shadow.ch.qos.logback.core.joran.GenericConfigurator.doConfigure(GenericConfigurator.java:165)
	at 	at shadow.ch.qos.logback.core.joran.GenericConfigurator.doConfigure(GenericConfigurator.java:152)
	at 	at shadow.ch.qos.logback.core.joran.GenericConfigurator.doConfigure(GenericConfigurator.java:110)
	at 	at shadow.ch.qos.logback.core.joran.GenericConfigurator.doConfigure(GenericConfigurator.java:53)
	at 	at shadow.ch.qos.logback.classic.util.ContextInitializer.configureByResource(ContextInitializer.java:75)
	at 	at shadow.ch.qos.logback.classic.util.ContextInitializer.autoConfig(ContextInitializer.java:150)
	at 	at shadow.org.slf4j.impl.StaticLoggerBinder.init(StaticLoggerBinder.java:84)
	at 	at shadow.org.slf4j.impl.StaticLoggerBinder.<clinit>(StaticLoggerBinder.java:55)
	at 	at shadow.org.slf4j.LoggerFactory.bind(LoggerFactory.java:150)
	at 	at shadow.org.slf4j.LoggerFactory.performInitialization(LoggerFactory.java:124)
	at 	at shadow.org.slf4j.LoggerFactory.getILoggerFactory(LoggerFactory.java:417)
	at 	at shadow.org.slf4j.LoggerFactory.getLogger(LoggerFactory.java:362)
	at 	at shadow.org.slf4j.LoggerFactory.getLogger(LoggerFactory.java:388)
	at 	at shadow.com.teamscale.client.HttpUtils.<clinit>(HttpUtils.java:30)
	at 	at shadow.com.teamscale.client.TeamscaleServiceGenerator.createServiceWithRequestLogging(TeamscaleServiceGenerator.java:44)
	at 	at shadow.com.teamscale.client.TeamscaleClient.<init>(TeamscaleClient.java:63)
	at 	at shadow.com.teamscale.test_impacted.engine.options.TestEngineOptions.createTestExecutor(TestEngineOptions.java:97)
	at 	at shadow.com.teamscale.test_impacted.engine.options.TestEngineOptions.createTestEngineConfiguration(TestEngineOptions.java:85)
	at 	at shadow.com.teamscale.test_impacted.engine.ImpactedTestEngine.discover(ImpactedTestEngine.java:28)
	at 	at org.junit.platform.launcher.core.EngineDiscoveryOrchestrator.discoverEngineRoot(EngineDiscoveryOrchestrator.java:152)
	at 	at org.junit.platform.launcher.core.EngineDiscoveryOrchestrator.discoverSafely(EngineDiscoveryOrchestrator.java:134)
	at 	at org.junit.platform.launcher.core.EngineDiscoveryOrchestrator.discover(EngineDiscoveryOrchestrator.java:108)
	at 	at org.junit.platform.launcher.core.EngineDiscoveryOrchestrator.discover(EngineDiscoveryOrchestrator.java:80)
	at 	at org.junit.platform.launcher.core.DefaultLauncher.discover(DefaultLauncher.java:110)
	at 	at org.junit.platform.launcher.core.DefaultLauncher.discover(DefaultLauncher.java:78)
	at 	at org.junit.platform.launcher.core.DefaultLauncherSession$DelegatingLauncher.discover(DefaultLauncherSession.java:81)
	at 	at org.junit.platform.launcher.core.SessionPerRequestLauncher.discover(SessionPerRequestLauncher.java:46)
	at 	at com.teamscale.maven.surefire.TestPlanScannerFilter.accept(TestPlanScannerFilter.java:58)
	at 	at org.apache.maven.surefire.api.util.DefaultScanResult.applyFilter(DefaultScanResult.java:102)
	at 	at com.teamscale.maven.surefire.JUnitPlatformProvider.scanClasspath(JUnitPlatformProvider.java:151)
	at 	at com.teamscale.maven.surefire.JUnitPlatformProvider.invoke(JUnitPlatformProvider.java:132)
	at 	at org.apache.maven.surefire.booter.ForkedBooter.runSuitesInProcess(ForkedBooter.java:428)
	at 	at org.apache.maven.surefire.booter.ForkedBooter.execute(ForkedBooter.java:162)
	at 	at org.apache.maven.surefire.booter.ForkedBooter.run(ForkedBooter.java:562)
	at 	at org.apache.maven.surefire.booter.ForkedBooter.main(ForkedBooter.java:548)
21:57:38,729 |-ERROR in shadow.ch.qos.logback.core.joran.spi.Interpreter@9:60 - ActionException in Action for tag [appender] shadow.ch.qos.logback.core.joran.spi.ActionException: shadow.ch.qos.logback.core.util.IncompatibleClassException
	at shadow.ch.qos.logback.core.joran.spi.ActionException: shadow.ch.qos.logback.core.util.IncompatibleClassException
	at 	at shadow.ch.qos.logback.core.joran.action.AppenderAction.begin(AppenderAction.java:76)
	at 	at shadow.ch.qos.logback.core.joran.spi.Interpreter.callBeginAction(Interpreter.java:269)
	at 	at shadow.ch.qos.logback.core.joran.spi.Interpreter.startElement(Interpreter.java:145)
	at 	at shadow.ch.qos.logback.core.joran.spi.Interpreter.startElement(Interpreter.java:128)
	at 	at shadow.ch.qos.logback.core.joran.spi.EventPlayer.play(EventPlayer.java:50)
	at 	at shadow.ch.qos.logback.core.joran.GenericConfigurator.doConfigure(GenericConfigurator.java:165)
	at 	at shadow.ch.qos.logback.core.joran.GenericConfigurator.doConfigure(GenericConfigurator.java:152)
	at 	at shadow.ch.qos.logback.core.joran.GenericConfigurator.doConfigure(GenericConfigurator.java:110)
	at 	at shadow.ch.qos.logback.core.joran.GenericConfigurator.doConfigure(GenericConfigurator.java:53)
	at 	at shadow.ch.qos.logback.classic.util.ContextInitializer.configureByResource(ContextInitializer.java:75)
	at 	at shadow.ch.qos.logback.classic.util.ContextInitializer.autoConfig(ContextInitializer.java:150)
	at 	at shadow.org.slf4j.impl.StaticLoggerBinder.init(StaticLoggerBinder.java:84)
	at 	at shadow.org.slf4j.impl.StaticLoggerBinder.<clinit>(StaticLoggerBinder.java:55)
	at 	at shadow.org.slf4j.LoggerFactory.bind(LoggerFactory.java:150)
	at 	at shadow.org.slf4j.LoggerFactory.performInitialization(LoggerFactory.java:124)
	at 	at shadow.org.slf4j.LoggerFactory.getILoggerFactory(LoggerFactory.java:417)
	at 	at shadow.org.slf4j.LoggerFactory.getLogger(LoggerFactory.java:362)
	at 	at shadow.org.slf4j.LoggerFactory.getLogger(LoggerFactory.java:388)
	at 	at shadow.com.teamscale.client.HttpUtils.<clinit>(HttpUtils.java:30)
	at 	at shadow.com.teamscale.client.TeamscaleServiceGenerator.createServiceWithRequestLogging(TeamscaleServiceGenerator.java:44)
	at 	at shadow.com.teamscale.client.TeamscaleClient.<init>(TeamscaleClient.java:63)
	at 	at shadow.com.teamscale.test_impacted.engine.options.TestEngineOptions.createTestExecutor(TestEngineOptions.java:97)
	at 	at shadow.com.teamscale.test_impacted.engine.options.TestEngineOptions.createTestEngineConfiguration(TestEngineOptions.java:85)
	at 	at shadow.com.teamscale.test_impacted.engine.ImpactedTestEngine.discover(ImpactedTestEngine.java:28)
	at 	at org.junit.platform.launcher.core.EngineDiscoveryOrchestrator.discoverEngineRoot(EngineDiscoveryOrchestrator.java:152)
	at 	at org.junit.platform.launcher.core.EngineDiscoveryOrchestrator.discoverSafely(EngineDiscoveryOrchestrator.java:134)
	at 	at org.junit.platform.launcher.core.EngineDiscoveryOrchestrator.discover(EngineDiscoveryOrchestrator.java:108)
	at 	at org.junit.platform.launcher.core.EngineDiscoveryOrchestrator.discover(EngineDiscoveryOrchestrator.java:80)
	at 	at org.junit.platform.launcher.core.DefaultLauncher.discover(DefaultLauncher.java:110)
	at 	at org.junit.platform.launcher.core.DefaultLauncher.discover(DefaultLauncher.java:78)
	at 	at org.junit.platform.launcher.core.DefaultLauncherSession$DelegatingLauncher.discover(DefaultLauncherSession.java:81)
	at 	at org.junit.platform.launcher.core.SessionPerRequestLauncher.discover(SessionPerRequestLauncher.java:46)
	at 	at com.teamscale.maven.surefire.TestPlanScannerFilter.accept(TestPlanScannerFilter.java:58)
	at 	at org.apache.maven.surefire.api.util.DefaultScanResult.applyFilter(DefaultScanResult.java:102)
	at 	at com.teamscale.maven.surefire.JUnitPlatformProvider.scanClasspath(JUnitPlatformProvider.java:151)
	at 	at com.teamscale.maven.surefire.JUnitPlatformProvider.invoke(JUnitPlatformProvider.java:132)
	at 	at org.apache.maven.surefire.booter.ForkedBooter.runSuitesInProcess(ForkedBooter.java:428)
	at 	at org.apache.maven.surefire.booter.ForkedBooter.execute(ForkedBooter.java:162)
	at 	at org.apache.maven.surefire.booter.ForkedBooter.run(ForkedBooter.java:562)
	at 	at org.apache.maven.surefire.booter.ForkedBooter.main(ForkedBooter.java:548)
Caused by: shadow.ch.qos.logback.core.util.IncompatibleClassException
	at 	at shadow.ch.qos.logback.core.util.OptionHelper.instantiateByClassNameAndParameter(OptionHelper.java:58)
	at 	at shadow.ch.qos.logback.core.util.OptionHelper.instantiateByClassName(OptionHelper.java:45)
	at 	at shadow.ch.qos.logback.core.util.OptionHelper.instantiateByClassName(OptionHelper.java:34)
	at 	at shadow.ch.qos.logback.core.joran.action.AppenderAction.begin(AppenderAction.java:52)
	at 	... 39 common frames omitted
21:57:38,730 |-INFO in shadow.ch.qos.logback.classic.joran.action.RootLoggerAction - Setting level of ROOT logger to DEBUG
21:57:38,730 |-ERROR in shadow.ch.qos.logback.core.joran.action.AppenderRefAction - Could not find an appender named [STDOUT]. Did you define it below instead of above in the configuration file?
21:57:38,730 |-ERROR in shadow.ch.qos.logback.core.joran.action.AppenderRefAction - See http://logback.qos.ch/codes.html#appender_order for more details.
21:57:38,730 |-INFO in shadow.ch.qos.logback.classic.joran.action.ConfigurationAction - End of configuration.
21:57:38,730 |-INFO in shadow.ch.qos.logback.classic.joran.JoranConfigurator@44040454 - Registering current configuration as safe fallback point

]]></system-out>
    <system-err><![CDATA[Juni 08, 2022 9:57:38 PM shadow.com.teamscale.test_impacted.engine.executor.ImpactedTestsProvider getImpactedTestsFromTeamscale
INFO: Getting impacted tests...
Juni 08, 2022 9:57:38 PM shadow.com.teamscale.test_impacted.engine.executor.ImpactedTestsProvider getImpactedTestsFromTeamscale
SEVERE: Retrieval of impacted tests failed.
java.net.ConnectException: Failed to connect to localhost/[0:0:0:0:0:0:0:1]:80
	at shadow.okhttp3.internal.connection.RealConnection.connectSocket(RealConnection.kt:297)
	at shadow.okhttp3.internal.connection.RealConnection.connect(RealConnection.kt:207)
	at shadow.okhttp3.internal.connection.ExchangeFinder.findConnection(ExchangeFinder.kt:226)
	at shadow.okhttp3.internal.connection.ExchangeFinder.findHealthyConnection(ExchangeFinder.kt:106)
	at shadow.okhttp3.internal.connection.ExchangeFinder.find(ExchangeFinder.kt:74)
	at shadow.okhttp3.internal.connection.RealCall.initExchange$okhttp(RealCall.kt:255)
	at shadow.okhttp3.internal.connection.ConnectInterceptor.intercept(ConnectInterceptor.kt:32)
	at shadow.okhttp3.internal.http.RealInterceptorChain.proceed(RealInterceptorChain.kt:109)
	at shadow.okhttp3.internal.cache.CacheInterceptor.intercept(CacheInterceptor.kt:95)
	at shadow.okhttp3.internal.http.RealInterceptorChain.proceed(RealInterceptorChain.kt:109)
	at shadow.okhttp3.internal.http.BridgeInterceptor.intercept(BridgeInterceptor.kt:83)
	at shadow.okhttp3.internal.http.RealInterceptorChain.proceed(RealInterceptorChain.kt:109)
	at shadow.okhttp3.internal.http.RetryAndFollowUpInterceptor.intercept(RetryAndFollowUpInterceptor.kt:76)
	at shadow.okhttp3.internal.http.RealInterceptorChain.proceed(RealInterceptorChain.kt:109)
	at shadow.com.teamscale.client.FileLoggingInterceptor.getResponse(FileLoggingInterceptor.java:64)
	at shadow.com.teamscale.client.FileLoggingInterceptor.intercept(FileLoggingInterceptor.java:43)
	at shadow.okhttp3.internal.http.RealInterceptorChain.proceed(RealInterceptorChain.kt:109)
	at shadow.com.teamscale.client.TeamscaleServiceGenerator$AcceptJsonInterceptor.intercept(TeamscaleServiceGenerator.java:72)
	at shadow.okhttp3.internal.http.RealInterceptorChain.proceed(RealInterceptorChain.kt:109)
	at shadow.com.teamscale.client.HttpUtils.lambda$getBasicAuthInterceptor$1(HttpUtils.java:157)
	at shadow.okhttp3.internal.http.RealInterceptorChain.proceed(RealInterceptorChain.kt:109)
	at shadow.okhttp3.internal.connection.RealCall.getResponseWithInterceptorChain$okhttp(RealCall.kt:201)
	at shadow.okhttp3.internal.connection.RealCall.execute(RealCall.kt:154)
	at shadow.retrofit2.OkHttpCall.execute(OkHttpCall.java:204)
	at shadow.com.teamscale.client.TeamscaleClient.getImpactedTests(TeamscaleClient.java:151)
	at shadow.com.teamscale.client.TeamscaleClient.getImpactedTests(TeamscaleClient.java:103)
	at shadow.com.teamscale.test_impacted.engine.executor.ImpactedTestsProvider.getImpactedTestsFromTeamscale(ImpactedTestsProvider.java:55)
	at shadow.com.teamscale.test_impacted.engine.executor.ImpactedTestsExecutor.execute(ImpactedTestsExecutor.java:34)
	at shadow.com.teamscale.test_impacted.engine.InternalImpactedTestEngine.runTestExecutor(InternalImpactedTestEngine.java:105)
	at shadow.com.teamscale.test_impacted.engine.InternalImpactedTestEngine.execute(InternalImpactedTestEngine.java:83)
	at shadow.com.teamscale.test_impacted.engine.ImpactedTestEngine.execute(ImpactedTestEngine.java:45)
	at org.junit.platform.launcher.core.EngineExecutionOrchestrator.execute(EngineExecutionOrchestrator.java:107)
	at org.junit.platform.launcher.core.EngineExecutionOrchestrator.execute(EngineExecutionOrchestrator.java:88)
	at org.junit.platform.launcher.core.EngineExecutionOrchestrator.lambda$execute$0(EngineExecutionOrchestrator.java:54)
	at org.junit.platform.launcher.core.EngineExecutionOrchestrator.withInterceptedStreams(EngineExecutionOrchestrator.java:67)
	at org.junit.platform.launcher.core.EngineExecutionOrchestrator.execute(EngineExecutionOrchestrator.java:52)
	at org.junit.platform.launcher.core.DefaultLauncher.execute(DefaultLauncher.java:114)
	at org.junit.platform.launcher.core.DefaultLauncher.execute(DefaultLauncher.java:86)
	at org.junit.platform.launcher.core.DefaultLauncherSession$DelegatingLauncher.execute(DefaultLauncherSession.java:86)
	at org.junit.platform.launcher.core.SessionPerRequestLauncher.execute(SessionPerRequestLauncher.java:53)
	at com.teamscale.maven.surefire.JUnitPlatformProvider.execute(JUnitPlatformProvider.java:192)
	at com.teamscale.maven.surefire.JUnitPlatformProvider.invokeAllTests(JUnitPlatformProvider.java:158)
	at com.teamscale.maven.surefire.JUnitPlatformProvider.invoke(JUnitPlatformProvider.java:132)
	at org.apache.maven.surefire.booter.ForkedBooter.runSuitesInProcess(ForkedBooter.java:428)
	at org.apache.maven.surefire.booter.ForkedBooter.execute(ForkedBooter.java:162)
	at org.apache.maven.surefire.booter.ForkedBooter.run(ForkedBooter.java:562)
	at org.apache.maven.surefire.booter.ForkedBooter.main(ForkedBooter.java:548)
	Suppressed: java.net.ConnectException: Failed to connect to localhost/127.0.0.1:80
		... 47 more
	Caused by: java.net.ConnectException: Connection refused
		at java.base/sun.nio.ch.Net.pollConnect(Native Method)
		at java.base/sun.nio.ch.Net.pollConnectNow(Net.java:672)
		at java.base/sun.nio.ch.NioSocketImpl.timedFinishConnect(NioSocketImpl.java:542)
		at java.base/sun.nio.ch.NioSocketImpl.connect(NioSocketImpl.java:597)
		at java.base/java.net.SocksSocketImpl.connect(SocksSocketImpl.java:327)
		at java.base/java.net.Socket.connect(Socket.java:633)
		at shadow.okhttp3.internal.platform.Platform.connectSocket(Platform.kt:128)
		at shadow.okhttp3.internal.connection.RealConnection.connectSocket(RealConnection.kt:295)
		... 46 more
Caused by: java.net.ConnectException: Connection refused
	at java.base/sun.nio.ch.Net.pollConnect(Native Method)
	at java.base/sun.nio.ch.Net.pollConnectNow(Net.java:672)
	at java.base/sun.nio.ch.NioSocketImpl.timedFinishConnect(NioSocketImpl.java:549)
	at java.base/sun.nio.ch.NioSocketImpl.connect(NioSocketImpl.java:597)
	at java.base/java.net.SocksSocketImpl.connect(SocksSocketImpl.java:327)
	at java.base/java.net.Socket.connect(Socket.java:633)
	at shadow.okhttp3.internal.platform.Platform.connectSocket(Platform.kt:128)
	at shadow.okhttp3.internal.connection.RealConnection.connectSocket(RealConnection.kt:295)
	... 46 more

[DEBUG] [main] Validated build configuration regarding trusted package rules, 0 are missing.
NOTICE: The warning above is expected and the issue is already known.
        Visit https://github.com/ls1intum/Ares/discussions/113 for more details.
[INFO] [main] Request install with ASC-Impl [testMethod=Optional.empty, executionPath=/Users/oleve/Coding/TestwiseMaven, whitelistedPaths=Optional[[PathRule["target" (STARTS_WITH) in WHITELIST; level READ]]], blacklistedPaths=[PathRule["target/test-classes" (STARTS_WITH) in BLACKLIST; level READ]], allowedLocalPorts=[], trustedPackages=[]]
[INFO] [main] Request uninstall
[INFO] [main] Connection use request: localhost:-1 [NWSFs: 0]
[INFO] [main] Connection use request: 127.0.0.1:12888 [NWSFs: 0]
[INFO] [main] Connection use request: 127.0.0.1:12888 [NWSFs: 0]
[INFO] [qtp464728192-19-acceptor-0@3684fc93-ServerConnector@7940075f{HTTP/1.1, (http/1.1)}{0.0.0.0:12888}] Connection use request: 127.0.0.1:53928 [NWSFs: 0]
[DEBUG] [main] Validated build configuration regarding trusted package rules, 0 are missing.
[INFO] [main] Request install with ASC-Impl [testMethod=Optional[protected org.junit.jupiter.api.DynamicContainer de.tum.in.ase.ClassTest.generateTestsForAllClasses() throws java.net.URISyntaxException], executionPath=/Users/oleve/Coding/TestwiseMaven, whitelistedPaths=Optional[[PathRule["target" (STARTS_WITH) in WHITELIST; level READ]]], blacklistedPaths=[PathRule["target/test-classes" (STARTS_WITH) in BLACKLIST; level READ]], allowedLocalPorts=[], trustedPackages=[]]
[INFO] [main] Request whitelisting: Thread[ajts-to-1,5,Test-Threadgroup] []
[INFO] [main] Thread whitelisted: Thread[ajts-to-1,5,Test-Threadgroup]
[INFO] [main] Request uninstall
[DEBUG] [main] Validated build configuration regarding trusted package rules, 0 are missing.
[INFO] [main] Request install with ASC-Impl [testMethod=Optional[protected org.junit.jupiter.api.DynamicContainer de.tum.in.ase.ClassTest.generateTestsForAllClasses() throws java.net.URISyntaxException], executionPath=/Users/oleve/Coding/TestwiseMaven, whitelistedPaths=Optional[[PathRule["target" (STARTS_WITH) in WHITELIST; level READ]]], blacklistedPaths=[PathRule["target/test-classes" (STARTS_WITH) in BLACKLIST; level READ]], allowedLocalPorts=[], trustedPackages=[]]
[INFO] [main] Request whitelisting: Thread[ajts-to-2,5,Test-Threadgroup] []
[INFO] [main] Thread whitelisted: Thread[ajts-to-2,5,Test-Threadgroup]
[INFO] [main] Request uninstall
]]></system-err>
  </testcase>
</testsuite>